<?xml version="1.0" encoding="UTF-8"?>
<!-- Generated by org.testng.reporters.JUnitReportReporter -->
<testsuite skipped="0" hostname="ASHOK-PC" name="com.Selenium_Coding_Assignment.PageTestClass.InputLocationPageTest" tests="1" failures="0" timestamp="05 Apr 2019 20:36:02 GMT" time="32.774" errors="0">
  <testcase name="searchArea" time="32.774" classname="com.Selenium_Coding_Assignment.PageTestClass.InputLocationPageTest"/>
</testsuite> <!-- com.Selenium_Coding_Assignment.PageTestClass.InputLocationPageTest -->
