<?xml version="1.0" encoding="UTF-8"?>
<!-- Generated by org.testng.reporters.JUnitReportReporter -->
<testsuite skipped="0" hostname="ASHOK-PC" name="com.Selenium_Coding_Assignment.PageTestClass.AgentPageTest" tests="1" failures="0" timestamp="06 Apr 2019 08:11:56 GMT" time="12.900" errors="0">
  <testcase name="clickOnAgentTest" time="12.900" classname="com.Selenium_Coding_Assignment.PageTestClass.AgentPageTest"/>
</testsuite> <!-- com.Selenium_Coding_Assignment.PageTestClass.AgentPageTest -->
